This is pdfTeX, Version 3.141592653-2.6-1.40.26 (TeX Live 2024) (preloaded format=pdflatex 2024.3.15)  17 MAR 2025 11:13
entering extended mode
 restricted \write18 enabled.
 %&-line parsing enabled.
**AED.tex
(./AED.tex
LaTeX2e <2023-11-01> patch level 1
L3 programming layer <2024-02-20>
(c:/Users/victo/AppData/Roaming/TinyTeX/texmf-dist/tex/latex/base/book.cls
Document Class: book 2023/05/17 v1.4n Standard LaTeX document class
(c:/Users/victo/AppData/Roaming/TinyTeX/texmf-dist/tex/latex/base/bk10.clo
File: bk10.clo 2023/05/17 v1.4n Standard LaTeX file (size option)
)
\c@part=\count188
\c@chapter=\count189
\c@section=\count190
\c@subsection=\count191
\c@subsubsection=\count192
\c@paragraph=\count193
\c@subparagraph=\count194
\c@figure=\count195
\c@table=\count196
\abovecaptionskip=\skip48
\belowcaptionskip=\skip49
\bibindent=\dimen140
) (c:/Users/victo/AppData/Roaming/TinyTeX/texmf-dist/tex/latex/amsmath/amsmath.sty
Package: amsmath 2023/05/13 v2.17o AMS math features
\@mathmargin=\skip50
For additional information on amsmath, use the `?' option.
(c:/Users/victo/AppData/Roaming/TinyTeX/texmf-dist/tex/latex/amsmath/amstext.sty
Package: amstext 2021/08/26 v2.01 AMS text
(c:/Users/victo/AppData/Roaming/TinyTeX/texmf-dist/tex/latex/amsmath/amsgen.sty
File: amsgen.sty 1999/11/30 v2.0 generic functions
\@emptytoks=\toks17
\ex@=\dimen141
)) (c:/Users/victo/AppData/Roaming/TinyTeX/texmf-dist/tex/latex/amsmath/amsbsy.sty
Package: amsbsy 1999/11/29 v1.2d Bold Symbols
\pmbraise@=\dimen142
) (c:/Users/victo/AppData/Roaming/TinyTeX/texmf-dist/tex/latex/amsmath/amsopn.sty
Package: amsopn 2022/04/08 v2.04 operator names
)
\inf@bad=\count197
LaTeX Info: Redefining \frac on input line 234.
\uproot@=\count198
\leftroot@=\count199
LaTeX Info: Redefining \overline on input line 399.
LaTeX Info: Redefining \colon on input line 410.
\classnum@=\count266
\DOTSCASE@=\count267
LaTeX Info: Redefining \ldots on input line 496.
LaTeX Info: Redefining \dots on input line 499.
LaTeX Info: Redefining \cdots on input line 620.
\Mathstrutbox@=\box51
\strutbox@=\box52
LaTeX Info: Redefining \big on input line 722.
LaTeX Info: Redefining \Big on input line 723.
LaTeX Info: Redefining \bigg on input line 724.
LaTeX Info: Redefining \Bigg on input line 725.
\big@size=\dimen143
LaTeX Font Info:    Redeclaring font encoding OML on input line 743.
LaTeX Font Info:    Redeclaring font encoding OMS on input line 744.
\macc@depth=\count268
LaTeX Info: Redefining \bmod on input line 905.
LaTeX Info: Redefining \pmod on input line 910.
LaTeX Info: Redefining \smash on input line 940.
LaTeX Info: Redefining \relbar on input line 970.
LaTeX Info: Redefining \Relbar on input line 971.
\c@MaxMatrixCols=\count269
\dotsspace@=\muskip16
\c@parentequation=\count270
\dspbrk@lvl=\count271
\tag@help=\toks18
\row@=\count272
\column@=\count273
\maxfields@=\count274
\andhelp@=\toks19
\eqnshift@=\dimen144
\alignsep@=\dimen145
\tagshift@=\dimen146
\tagwidth@=\dimen147
\totwidth@=\dimen148
\lineht@=\dimen149
\@envbody=\toks20
\multlinegap=\skip51
\multlinetaggap=\skip52
\mathdisplay@stack=\toks21
LaTeX Info: Redefining \[ on input line 2953.
LaTeX Info: Redefining \] on input line 2954.
) (c:/Users/victo/AppData/Roaming/TinyTeX/texmf-dist/tex/latex/amsfonts/amssymb.sty
Package: amssymb 2013/01/14 v3.01 AMS font symbols
(c:/Users/victo/AppData/Roaming/TinyTeX/texmf-dist/tex/latex/amsfonts/amsfonts.sty
Package: amsfonts 2013/01/14 v3.01 Basic AMSFonts support
\symAMSa=\mathgroup4
\symAMSb=\mathgroup5
LaTeX Font Info:    Redeclaring math symbol \hbar on input line 98.
LaTeX Font Info:    Overwriting math alphabet `\mathfrak' in version `bold'
(Font)                  U/euf/m/n --> U/euf/b/n on input line 106.
)) (c:/Users/victo/AppData/Roaming/TinyTeX/texmf-dist/tex/generic/iftex/iftex.sty
Package: iftex 2022/02/03 v1.0f TeX engine tests
) (c:/Users/victo/AppData/Roaming/TinyTeX/texmf-dist/tex/latex/base/fontenc.sty
Package: fontenc 2021/04/29 v2.0v Standard LaTeX package
) (c:/Users/victo/AppData/Roaming/TinyTeX/texmf-dist/tex/latex/base/inputenc.sty
Package: inputenc 2021/02/14 v1.3d Input encoding file
\inpenc@prehook=\toks22
\inpenc@posthook=\toks23
) (c:/Users/victo/AppData/Roaming/TinyTeX/texmf-dist/tex/latex/base/textcomp.sty
Package: textcomp 2020/02/02 v2.0n Standard LaTeX package
) (c:/Users/victo/AppData/Roaming/TinyTeX/texmf-dist/tex/latex/lm/lmodern.sty
Package: lmodern 2015/05/01 v1.6.1 Latin Modern Fonts
LaTeX Font Info:    Overwriting symbol font `operators' in version `normal'
(Font)                  OT1/cmr/m/n --> OT1/lmr/m/n on input line 22.
LaTeX Font Info:    Overwriting symbol font `letters' in version `normal'
(Font)                  OML/cmm/m/it --> OML/lmm/m/it on input line 23.
LaTeX Font Info:    Overwriting symbol font `symbols' in version `normal'
(Font)                  OMS/cmsy/m/n --> OMS/lmsy/m/n on input line 24.
LaTeX Font Info:    Overwriting symbol font `largesymbols' in version `normal'
(Font)                  OMX/cmex/m/n --> OMX/lmex/m/n on input line 25.
LaTeX Font Info:    Overwriting symbol font `operators' in version `bold'
(Font)                  OT1/cmr/bx/n --> OT1/lmr/bx/n on input line 26.
LaTeX Font Info:    Overwriting symbol font `letters' in version `bold'
(Font)                  OML/cmm/b/it --> OML/lmm/b/it on input line 27.
LaTeX Font Info:    Overwriting symbol font `symbols' in version `bold'
(Font)                  OMS/cmsy/b/n --> OMS/lmsy/b/n on input line 28.
LaTeX Font Info:    Overwriting symbol font `largesymbols' in version `bold'
(Font)                  OMX/cmex/m/n --> OMX/lmex/m/n on input line 29.
LaTeX Font Info:    Overwriting math alphabet `\mathbf' in version `normal'
(Font)                  OT1/cmr/bx/n --> OT1/lmr/bx/n on input line 31.
LaTeX Font Info:    Overwriting math alphabet `\mathsf' in version `normal'
(Font)                  OT1/cmss/m/n --> OT1/lmss/m/n on input line 32.
LaTeX Font Info:    Overwriting math alphabet `\mathit' in version `normal'
(Font)                  OT1/cmr/m/it --> OT1/lmr/m/it on input line 33.
LaTeX Font Info:    Overwriting math alphabet `\mathtt' in version `normal'
(Font)                  OT1/cmtt/m/n --> OT1/lmtt/m/n on input line 34.
LaTeX Font Info:    Overwriting math alphabet `\mathbf' in version `bold'
(Font)                  OT1/cmr/bx/n --> OT1/lmr/bx/n on input line 35.
LaTeX Font Info:    Overwriting math alphabet `\mathsf' in version `bold'
(Font)                  OT1/cmss/bx/n --> OT1/lmss/bx/n on input line 36.
LaTeX Font Info:    Overwriting math alphabet `\mathit' in version `bold'
(Font)                  OT1/cmr/bx/it --> OT1/lmr/bx/it on input line 37.
LaTeX Font Info:    Overwriting math alphabet `\mathtt' in version `bold'
(Font)                  OT1/cmtt/m/n --> OT1/lmtt/m/n on input line 38.
) (c:/Users/victo/AppData/Roaming/TinyTeX/texmf-dist/tex/latex/xcolor/xcolor.sty
Package: xcolor 2023/11/15 v3.01 LaTeX color extensions (UK)
(c:/Users/victo/AppData/Roaming/TinyTeX/texmf-dist/tex/latex/graphics-cfg/color.cfg
File: color.cfg 2016/01/02 v1.6 sample color configuration
)
Package xcolor Info: Driver file: pdftex.def on input line 274.
(c:/Users/victo/AppData/Roaming/TinyTeX/texmf-dist/tex/latex/graphics-def/pdftex.def
File: pdftex.def 2022/09/22 v1.2b Graphics/color driver for pdftex
) (c:/Users/victo/AppData/Roaming/TinyTeX/texmf-dist/tex/latex/graphics/mathcolor.ltx)
Package xcolor Info: Model `cmy' substituted by `cmy0' on input line 1350.
Package xcolor Info: Model `hsb' substituted by `rgb' on input line 1354.
Package xcolor Info: Model `RGB' extended on input line 1366.
Package xcolor Info: Model `HTML' substituted by `rgb' on input line 1368.
Package xcolor Info: Model `Hsb' substituted by `hsb' on input line 1369.
Package xcolor Info: Model `tHsb' substituted by `hsb' on input line 1370.
Package xcolor Info: Model `HSB' substituted by `hsb' on input line 1371.
Package xcolor Info: Model `Gray' substituted by `gray' on input line 1372.
Package xcolor Info: Model `wave' substituted by `hsb' on input line 1373.
) (c:/Users/victo/AppData/Roaming/TinyTeX/texmf-dist/tex/latex/fancyvrb/fancyvrb.sty
Package: fancyvrb 2024/01/20 4.5c verbatim text (tvz,hv)
(c:/Users/victo/AppData/Roaming/TinyTeX/texmf-dist/tex/latex/graphics/keyval.sty
Package: keyval 2022/05/29 v1.15 key=value parser (DPC)
\KV@toks@=\toks24
)
\FV@CodeLineNo=\count275
\FV@InFile=\read2
\FV@TabBox=\box53
\c@FancyVerbLine=\count276
\FV@StepNumber=\count277
\FV@OutFile=\write3
) (c:/Users/victo/AppData/Roaming/TinyTeX/texmf-dist/tex/latex/framed/framed.sty
Package: framed 2011/10/22 v 0.96: framed or shaded text with page breaks
\OuterFrameSep=\skip53
\fb@frw=\dimen150
\fb@frh=\dimen151
\FrameRule=\dimen152
\FrameSep=\dimen153
) (c:/Users/victo/AppData/Roaming/TinyTeX/texmf-dist/tex/latex/tools/longtable.sty
Package: longtable 2023-11-01 v4.19 Multi-page Table package (DPC)
\LTleft=\skip54
\LTright=\skip55
\LTpre=\skip56
\LTpost=\skip57
\LTchunksize=\count278
\LTcapwidth=\dimen154
\LT@head=\box54
\LT@firsthead=\box55
\LT@foot=\box56
\LT@lastfoot=\box57
\LT@gbox=\box58
\LT@cols=\count279
\LT@rows=\count280
\c@LT@tables=\count281
\c@LT@chunks=\count282
\LT@p@ftn=\toks25
) (c:/Users/victo/AppData/Roaming/TinyTeX/texmf-dist/tex/latex/booktabs/booktabs.sty
Package: booktabs 2020/01/12 v1.61803398 Publication quality tables
\heavyrulewidth=\dimen155
\lightrulewidth=\dimen156
\cmidrulewidth=\dimen157
\belowrulesep=\dimen158
\belowbottomsep=\dimen159
\aboverulesep=\dimen160
\abovetopsep=\dimen161
\cmidrulesep=\dimen162
\cmidrulekern=\dimen163
\defaultaddspace=\dimen164
\@cmidla=\count283
\@cmidlb=\count284
\@aboverulesep=\dimen165
\@belowrulesep=\dimen166
\@thisruleclass=\count285
\@lastruleclass=\count286
\@thisrulewidth=\dimen167
) (c:/Users/victo/AppData/Roaming/TinyTeX/texmf-dist/tex/latex/tools/array.sty
Package: array 2023/10/16 v2.5g Tabular extension package (FMi)
\col@sep=\dimen168
\ar@mcellbox=\box59
\extrarowheight=\dimen169
\NC@list=\toks26
\extratabsurround=\skip58
\backup@length=\skip59
\ar@cellbox=\box60
) (c:/Users/victo/AppData/Roaming/TinyTeX/texmf-dist/tex/latex/tools/calc.sty
Package: calc 2023/07/08 v4.3 Infix arithmetic (KKT,FJ)
\calc@Acount=\count287
\calc@Bcount=\count288
\calc@Adimen=\dimen170
\calc@Bdimen=\dimen171
\calc@Askip=\skip60
\calc@Bskip=\skip61
LaTeX Info: Redefining \setlength on input line 80.
LaTeX Info: Redefining \addtolength on input line 81.
\calc@Ccount=\count289
\calc@Cskip=\skip62
) (c:/Users/victo/AppData/Roaming/TinyTeX/texmf-dist/tex/latex/etoolbox/etoolbox.sty
Package: etoolbox 2020/10/05 v2.5k e-TeX tools for LaTeX (JAW)
\etb@tempcnta=\count290
) (c:/Users/victo/AppData/Roaming/TinyTeX/texmf-dist/tex/latex/mdwtools/footnote.sty
Package: footnote 1997/01/28 1.13 Save footnotes around boxes
\fn@notes=\box61
\fn@width=\dimen172
) (c:/Users/victo/AppData/Roaming/TinyTeX/texmf-dist/tex/latex/graphics/graphicx.sty
Package: graphicx 2021/09/16 v1.2d Enhanced LaTeX Graphics (DPC,SPQR)
(c:/Users/victo/AppData/Roaming/TinyTeX/texmf-dist/tex/latex/graphics/graphics.sty
Package: graphics 2022/03/10 v1.4e Standard LaTeX Graphics (DPC,SPQR)
(c:/Users/victo/AppData/Roaming/TinyTeX/texmf-dist/tex/latex/graphics/trig.sty
Package: trig 2021/08/11 v1.11 sin cos tan (DPC)
) (c:/Users/victo/AppData/Roaming/TinyTeX/texmf-dist/tex/latex/graphics-cfg/graphics.cfg
File: graphics.cfg 2016/06/04 v1.11 sample graphics configuration
)
Package graphics Info: Driver file: pdftex.def on input line 107.
)
\Gin@req@height=\dimen173
\Gin@req@width=\dimen174
) (c:/Users/victo/AppData/Roaming/TinyTeX/texmf-dist/tex/latex/multirow/multirow.sty
Package: multirow 2021/03/15 v2.8 Span multiple rows of a table
\multirow@colwidth=\skip63
\multirow@cntb=\count291
\multirow@dima=\skip64
\bigstrutjot=\dimen175
) (c:/Users/victo/AppData/Roaming/TinyTeX/texmf-dist/tex/latex/wrapfig/wrapfig.sty
\wrapoverhang=\dimen176
\WF@size=\dimen177
\c@WF@wrappedlines=\count292
\WF@box=\box62
\WF@everypar=\toks27
Package: wrapfig 2003/01/31  v 3.6
) (c:/Users/victo/AppData/Roaming/TinyTeX/texmf-dist/tex/latex/float/float.sty
Package: float 2001/11/08 v1.3d Float enhancements (AL)
\c@float@type=\count293
\float@exts=\toks28
\float@box=\box63
\@float@everytoks=\toks29
\@floatcapt=\box64
) (c:/Users/victo/AppData/Roaming/TinyTeX/texmf-dist/tex/latex/colortbl/colortbl.sty
Package: colortbl 2024/02/20 v1.0g Color table columns (DPC)
\everycr=\toks30
\minrowclearance=\skip65
\rownum=\count294
) (c:/Users/victo/AppData/Roaming/TinyTeX/texmf-dist/tex/latex/pdflscape/pdflscape.sty
Package: pdflscape 2022-10-27 v0.13 Display of landscape pages in PDF
(c:/Users/victo/AppData/Roaming/TinyTeX/texmf-dist/tex/latex/pdflscape/pdflscape-nometadata.sty
Package: pdflscape-nometadata 2022-10-28 v0.13 Display of landscape pages in PDF (HO)
(c:/Users/victo/AppData/Roaming/TinyTeX/texmf-dist/tex/latex/graphics/lscape.sty
Package: lscape 2020/05/28 v3.02 Landscape Pages (DPC)
)
Package pdflscape Info: Auto-detected driver: pdftex on input line 81.
)) (c:/Users/victo/AppData/Roaming/TinyTeX/texmf-dist/tex/latex/tabu/tabu.sty
Package: tabu 2019/01/11 v2.9 - flexible LaTeX tabulars (FC+tabu-fixed)
(c:/Users/victo/AppData/Roaming/TinyTeX/texmf-dist/tex/latex/varwidth/varwidth.sty
Package: varwidth 2009/03/30 ver 0.92;  Variable-width minipages
\@vwid@box=\box65
\sift@deathcycles=\count295
\@vwid@loff=\dimen178
\@vwid@roff=\dimen179
)
\c@taburow=\count296
\tabu@nbcols=\count297
\tabu@cnt=\count298
\tabu@Xcol=\count299
\tabu@alloc=\count300
\tabu@nested=\count301
\tabu@target=\dimen180
\tabu@spreadtarget=\dimen181
\tabu@naturalX=\dimen182
\tabucolX=\dimen183
\tabu@Xsum=\dimen184
\extrarowdepth=\dimen185
\abovetabulinesep=\dimen186
\belowtabulinesep=\dimen187
\tabustrutrule=\dimen188
\tabu@thebody=\toks31
\tabu@footnotes=\toks32
\tabu@box=\box66
\tabu@arstrutbox=\box67
\tabu@hleads=\box68
\tabu@vleads=\box69
\tabu@cellskip=\skip66
) (c:/Users/victo/AppData/Roaming/TinyTeX/texmf-dist/tex/latex/threeparttable/threeparttable.sty
Package: threeparttable 2003/06/13  v 3.0
\@tempboxb=\box70
) (c:/Users/victo/AppData/Roaming/TinyTeX/texmf-dist/tex/latex/threeparttablex/threeparttablex.sty
Package: threeparttablex 2013/07/23 v0.3 by daleif
(c:/Users/victo/AppData/Roaming/TinyTeX/texmf-dist/tex/latex/environ/environ.sty
Package: environ 2014/05/04 v0.3 A new way to define environments
(c:/Users/victo/AppData/Roaming/TinyTeX/texmf-dist/tex/latex/trimspaces/trimspaces.sty
Package: trimspaces 2009/09/17 v1.1 Trim spaces around a token list
))
\TPTL@width=\skip67
) (c:/Users/victo/AppData/Roaming/TinyTeX/texmf-dist/tex/generic/ulem/ulem.sty
\UL@box=\box71
\UL@hyphenbox=\box72
\UL@skip=\skip68
\UL@hook=\toks33
\UL@height=\dimen189
\UL@pe=\count302
\UL@pixel=\dimen190
\ULC@box=\box73
Package: ulem 2019/11/18
\ULdepth=\dimen191
) (c:/Users/victo/AppData/Roaming/TinyTeX/texmf-dist/tex/latex/makecell/makecell.sty
Package: makecell 2009/08/03 V0.1e Managing of Tab Column Heads and Cells
\rotheadsize=\dimen192
\c@nlinenum=\count303
\TeXr@lab=\toks34
) (c:/Users/victo/AppData/Roaming/TinyTeX/texmf-dist/tex/latex/natbib/natbib.sty
Package: natbib 2010/09/13 8.31b (PWD, AO)
\bibhang=\skip69
\bibsep=\skip70
LaTeX Info: Redefining \cite on input line 694.
\c@NAT@ctr=\count304
) (c:/Users/victo/AppData/Roaming/TinyTeX/texmf-dist/tex/latex/bookmark/bookmark.sty
Package: bookmark 2023-12-10 v1.31 PDF bookmarks (HO)
(c:/Users/victo/AppData/Roaming/TinyTeX/texmf-dist/tex/latex/hyperref/hyperref.sty
Package: hyperref 2024-01-20 v7.01h Hypertext links for LaTeX
(c:/Users/victo/AppData/Roaming/TinyTeX/texmf-dist/tex/latex/kvsetkeys/kvsetkeys.sty
Package: kvsetkeys 2022-10-05 v1.19 Key value parser (HO)
) (c:/Users/victo/AppData/Roaming/TinyTeX/texmf-dist/tex/generic/kvdefinekeys/kvdefinekeys.sty
Package: kvdefinekeys 2019-12-19 v1.6 Define keys (HO)
) (c:/Users/victo/AppData/Roaming/TinyTeX/texmf-dist/tex/generic/pdfescape/pdfescape.sty
Package: pdfescape 2019/12/09 v1.15 Implements pdfTeX's escape features (HO)
(c:/Users/victo/AppData/Roaming/TinyTeX/texmf-dist/tex/generic/ltxcmds/ltxcmds.sty
Package: ltxcmds 2023-12-04 v1.26 LaTeX kernel commands for general use (HO)
) (c:/Users/victo/AppData/Roaming/TinyTeX/texmf-dist/tex/generic/pdftexcmds/pdftexcmds.sty
Package: pdftexcmds 2020-06-27 v0.33 Utility functions of pdfTeX for LuaTeX (HO)
(c:/Users/victo/AppData/Roaming/TinyTeX/texmf-dist/tex/generic/infwarerr/infwarerr.sty
Package: infwarerr 2019/12/03 v1.5 Providing info/warning/error messages (HO)
)
Package pdftexcmds Info: \pdf@primitive is available.
Package pdftexcmds Info: \pdf@ifprimitive is available.
Package pdftexcmds Info: \pdfdraftmode found.
)) (c:/Users/victo/AppData/Roaming/TinyTeX/texmf-dist/tex/latex/hycolor/hycolor.sty
Package: hycolor 2020-01-27 v1.10 Color options for hyperref/bookmark (HO)
) (c:/Users/victo/AppData/Roaming/TinyTeX/texmf-dist/tex/latex/auxhook/auxhook.sty
Package: auxhook 2019-12-17 v1.6 Hooks for auxiliary files (HO)
) (c:/Users/victo/AppData/Roaming/TinyTeX/texmf-dist/tex/latex/hyperref/nameref.sty
Package: nameref 2023-11-26 v2.56 Cross-referencing by name of section
(c:/Users/victo/AppData/Roaming/TinyTeX/texmf-dist/tex/latex/refcount/refcount.sty
Package: refcount 2019/12/15 v3.6 Data extraction from label references (HO)
) (c:/Users/victo/AppData/Roaming/TinyTeX/texmf-dist/tex/generic/gettitlestring/gettitlestring.sty
Package: gettitlestring 2019/12/15 v1.6 Cleanup title references (HO)
(c:/Users/victo/AppData/Roaming/TinyTeX/texmf-dist/tex/latex/kvoptions/kvoptions.sty
Package: kvoptions 2022-06-15 v3.15 Key value format for package options (HO)
))
\c@section@level=\count305
)
\@linkdim=\dimen193
\Hy@linkcounter=\count306
\Hy@pagecounter=\count307
(c:/Users/victo/AppData/Roaming/TinyTeX/texmf-dist/tex/latex/hyperref/pd1enc.def
File: pd1enc.def 2024-01-20 v7.01h Hyperref: PDFDocEncoding definition (HO)
Now handling font encoding PD1 ...
... no UTF-8 mapping file for font encoding PD1
) (c:/Users/victo/AppData/Roaming/TinyTeX/texmf-dist/tex/generic/intcalc/intcalc.sty
Package: intcalc 2019/12/15 v1.3 Expandable calculations with integers (HO)
)
\Hy@SavedSpaceFactor=\count308
(c:/Users/victo/AppData/Roaming/TinyTeX/texmf-dist/tex/latex/hyperref/puenc.def
File: puenc.def 2024-01-20 v7.01h Hyperref: PDF Unicode definition (HO)
Now handling font encoding PU ...
... no UTF-8 mapping file for font encoding PU
)
Package hyperref Info: Option `unicode' set `true' on input line 4062.
Package hyperref Info: Hyper figures OFF on input line 4179.
Package hyperref Info: Link nesting OFF on input line 4184.
Package hyperref Info: Hyper index ON on input line 4187.
Package hyperref Info: Plain pages OFF on input line 4194.
Package hyperref Info: Backreferencing OFF on input line 4199.
Package hyperref Info: Implicit mode ON; LaTeX internals redefined.
Package hyperref Info: Bookmarks ON on input line 4446.
\c@Hy@tempcnt=\count309
(c:/Users/victo/AppData/Roaming/TinyTeX/texmf-dist/tex/latex/url/url.sty
\Urlmuskip=\muskip17
Package: url 2013/09/16  ver 3.4  Verb mode for urls, etc.
)
LaTeX Info: Redefining \url on input line 4784.
\XeTeXLinkMargin=\dimen194
(c:/Users/victo/AppData/Roaming/TinyTeX/texmf-dist/tex/generic/bitset/bitset.sty
Package: bitset 2019/12/09 v1.3 Handle bit-vector datatype (HO)
(c:/Users/victo/AppData/Roaming/TinyTeX/texmf-dist/tex/generic/bigintcalc/bigintcalc.sty
Package: bigintcalc 2019/12/15 v1.5 Expandable calculations on big integers (HO)
))
\Fld@menulength=\count310
\Field@Width=\dimen195
\Fld@charsize=\dimen196
Package hyperref Info: Hyper figures OFF on input line 6063.
Package hyperref Info: Link nesting OFF on input line 6068.
Package hyperref Info: Hyper index ON on input line 6071.
Package hyperref Info: backreferencing OFF on input line 6078.
Package hyperref Info: Link coloring OFF on input line 6083.
Package hyperref Info: Link coloring with OCG OFF on input line 6088.
Package hyperref Info: PDF/A mode OFF on input line 6093.
(c:/Users/victo/AppData/Roaming/TinyTeX/texmf-dist/tex/latex/base/atbegshi-ltx.sty
Package: atbegshi-ltx 2021/01/10 v1.0c Emulation of the original atbegshi
package with kernel methods
)
\Hy@abspage=\count311
\c@Item=\count312
\c@Hfootnote=\count313
)
Package hyperref Info: Driver (autodetected): hpdftex.
(c:/Users/victo/AppData/Roaming/TinyTeX/texmf-dist/tex/latex/hyperref/hpdftex.def
File: hpdftex.def 2024-01-20 v7.01h Hyperref driver for pdfTeX
(c:/Users/victo/AppData/Roaming/TinyTeX/texmf-dist/tex/latex/base/atveryend-ltx.sty
Package: atveryend-ltx 2020/08/19 v1.0a Emulation of the original atveryend package
with kernel methods
)
\Fld@listcount=\count314
\c@bookmark@seq@number=\count315
(c:/Users/victo/AppData/Roaming/TinyTeX/texmf-dist/tex/latex/rerunfilecheck/rerunfilecheck.sty
Package: rerunfilecheck 2022-07-10 v1.10 Rerun checks for auxiliary files (HO)
(c:/Users/victo/AppData/Roaming/TinyTeX/texmf-dist/tex/generic/uniquecounter/uniquecounter.sty
Package: uniquecounter 2019/12/15 v1.4 Provide unlimited unique counter (HO)
)
Package uniquecounter Info: New unique counter `rerunfilecheck' on input line 285.
)
\Hy@SectionHShift=\skip71
) (c:/Users/victo/AppData/Roaming/TinyTeX/texmf-dist/tex/latex/bookmark/bkm-pdftex.def
File: bkm-pdftex.def 2023-12-10 v1.31 bookmark driver for pdfTeX and luaTeX (HO)
\BKM@id=\count316
))
LaTeX Font Info:    Trying to load font information for T1+lmr on input line 144.
(c:/Users/victo/AppData/Roaming/TinyTeX/texmf-dist/tex/latex/lm/t1lmr.fd
File: t1lmr.fd 2015/05/01 v1.6.1 Font defs for Latin Modern
) (c:/Users/victo/AppData/Roaming/TinyTeX/texmf-dist/tex/latex/l3backend/l3backend-pdftex.def
File: l3backend-pdftex.def 2024-02-20 L3 backend support: PDF output (pdfTeX)
\l__color_backend_stack_int=\count317
\l__pdf_internal_box=\box74
) (./AED.aux)
\openout1 = `AED.aux'.

LaTeX Font Info:    Checking defaults for OML/cmm/m/it on input line 144.
LaTeX Font Info:    ... okay on input line 144.
LaTeX Font Info:    Checking defaults for OMS/cmsy/m/n on input line 144.
LaTeX Font Info:    ... okay on input line 144.
LaTeX Font Info:    Checking defaults for OT1/cmr/m/n on input line 144.
LaTeX Font Info:    ... okay on input line 144.
LaTeX Font Info:    Checking defaults for T1/cmr/m/n on input line 144.
LaTeX Font Info:    ... okay on input line 144.
LaTeX Font Info:    Checking defaults for TS1/cmr/m/n on input line 144.
LaTeX Font Info:    ... okay on input line 144.
LaTeX Font Info:    Checking defaults for OMX/cmex/m/n on input line 144.
LaTeX Font Info:    ... okay on input line 144.
LaTeX Font Info:    Checking defaults for U/cmr/m/n on input line 144.
LaTeX Font Info:    ... okay on input line 144.
LaTeX Font Info:    Checking defaults for PD1/pdf/m/n on input line 144.
LaTeX Font Info:    ... okay on input line 144.
LaTeX Font Info:    Checking defaults for PU/pdf/m/n on input line 144.
LaTeX Font Info:    ... okay on input line 144.
(c:/Users/victo/AppData/Roaming/TinyTeX/texmf-dist/tex/latex/epstopdf-pkg/epstopdf-base.sty
Package: epstopdf-base 2020-01-24 v2.11 Base part for package epstopdf
Package epstopdf-base Info: Redefining graphics rule for `.eps' on input line 485.
(c:/Users/victo/AppData/Roaming/TinyTeX/texmf-dist/tex/latex/latexconfig/epstopdf-sys.cfg
File: epstopdf-sys.cfg 2010/07/13 v1.3 Configuration of (r)epstopdf for TeX Live
))
Package hyperref Info: Link coloring OFF on input line 144.
LaTeX Font Info:    Trying to load font information for OT1+lmr on input line 146.
(c:/Users/victo/AppData/Roaming/TinyTeX/texmf-dist/tex/latex/lm/ot1lmr.fd
File: ot1lmr.fd 2015/05/01 v1.6.1 Font defs for Latin Modern
)
LaTeX Font Info:    Trying to load font information for OML+lmm on input line 146.
(c:/Users/victo/AppData/Roaming/TinyTeX/texmf-dist/tex/latex/lm/omllmm.fd
File: omllmm.fd 2015/05/01 v1.6.1 Font defs for Latin Modern
)
LaTeX Font Info:    Trying to load font information for OMS+lmsy on input line 146.
(c:/Users/victo/AppData/Roaming/TinyTeX/texmf-dist/tex/latex/lm/omslmsy.fd
File: omslmsy.fd 2015/05/01 v1.6.1 Font defs for Latin Modern
)
LaTeX Font Info:    Trying to load font information for OMX+lmex on input line 146.
(c:/Users/victo/AppData/Roaming/TinyTeX/texmf-dist/tex/latex/lm/omxlmex.fd
File: omxlmex.fd 2015/05/01 v1.6.1 Font defs for Latin Modern
)
LaTeX Font Info:    External font `lmex10' loaded for size
(Font)              <12> on input line 146.
LaTeX Font Info:    External font `lmex10' loaded for size
(Font)              <8> on input line 146.
LaTeX Font Info:    External font `lmex10' loaded for size
(Font)              <6> on input line 146.
LaTeX Font Info:    Trying to load font information for U+msa on input line 146.
(c:/Users/victo/AppData/Roaming/TinyTeX/texmf-dist/tex/latex/amsfonts/umsa.fd
File: umsa.fd 2013/01/14 v3.01 AMS symbols A
)
LaTeX Font Info:    Trying to load font information for U+msb on input line 146.
(c:/Users/victo/AppData/Roaming/TinyTeX/texmf-dist/tex/latex/amsfonts/umsb.fd
File: umsb.fd 2013/01/14 v3.01 AMS symbols B
) [1


{c:/Users/victo/AppData/Roaming/TinyTeX/texmf-var/fonts/map/pdftex/updmap/pdftex.map}{c:/Users/victo/AppData/Roaming/TinyTeX/texmf-dist/fonts/enc/dvips/lm/lm-ec.enc}] [2

] (./AED.toc
LaTeX Font Info:    External font `lmex10' loaded for size
(Font)              <10> on input line 2.
LaTeX Font Info:    External font `lmex10' loaded for size
(Font)              <7> on input line 2.
LaTeX Font Info:    External font `lmex10' loaded for size
(Font)              <5> on input line 2.
[3] [4])
\tf@toc=\write4
\openout4 = `AED.toc'.

[5{c:/Users/victo/AppData/Roaming/TinyTeX/texmf-dist/fonts/enc/dvips/lm/lm-mathit.enc}] [6

]
Chapter 1.
[7]
LaTeX Font Info:    Trying to load font information for TS1+lmr on input line 196.
(c:/Users/victo/AppData/Roaming/TinyTeX/texmf-dist/tex/latex/lm/ts1lmr.fd
File: ts1lmr.fd 2015/05/01 v1.6.1 Font defs for Latin Modern
) [8{c:/Users/victo/AppData/Roaming/TinyTeX/texmf-dist/fonts/enc/dvips/lm/lm-ts1.enc}]
Chapter 2.

Underfull \hbox (badness 10000) in paragraph at lines 224--226

 []


Underfull \hbox (badness 10000) in paragraph at lines 232--234

 []

[9

]
Underfull \hbox (badness 10000) in paragraph at lines 256--258

 []


Underfull \hbox (badness 10000) in paragraph at lines 264--267

 []


Overfull \hbox (42.12115pt too wide) has occurred while \output is active
\T1/lmr/m/n/10 10 \T1/lmr/m/sl/10 CHAPTER 2.  CONCEITOS BÁSICOS DE ANÁLISE EXPLORATÓRIA DE DADOS
 []

[10{c:/Users/victo/AppData/Roaming/TinyTeX/texmf-dist/fonts/enc/dvips/lm/lm-rm.enc}{c:/Users/victo/AppData/Roaming/TinyTeX/texmf-dist/fonts/enc/dvips/lm/lm-mathsy.enc}{c:/Users/victo/AppData/Roaming/TinyTeX/texmf-dist/fonts/enc/dvips/lm/lm-mathex.enc}]
<AED_files/figure-latex/LGN-1.pdf, id=215, 469.755pt x 325.215pt>
File: AED_files/figure-latex/LGN-1.pdf Graphic file (type pdf)
<use AED_files/figure-latex/LGN-1.pdf>
Package pdftex.def Info: AED_files/figure-latex/LGN-1.pdf  used on input line 331.
(pdftex.def)             Requested size: 344.997pt x 238.84406pt.
[11 <./AED_files/figure-latex/LGN-1.pdf>]
Underfull \hbox (badness 10000) in paragraph at lines 387--389

 []


Underfull \hbox (badness 10000) in paragraph at lines 395--397

 []


Overfull \hbox (42.12115pt too wide) has occurred while \output is active
\T1/lmr/m/n/10 12 \T1/lmr/m/sl/10 CHAPTER 2.  CONCEITOS BÁSICOS DE ANÁLISE EXPLORATÓRIA DE DADOS
 []

[12]
Underfull \hbox (badness 10000) in paragraph at lines 435--437

 []


Underfull \hbox (badness 10000) in paragraph at lines 437--439

 []


Underfull \hbox (badness 10000) in paragraph at lines 439--441

 []

[13]
Underfull \hbox (badness 10000) in paragraph at lines 451--453

 []


Underfull \hbox (badness 10000) in paragraph at lines 453--455

 []


Underfull \hbox (badness 10000) in paragraph at lines 455--457

 []


Underfull \hbox (badness 10000) in paragraph at lines 457--459

 []


Underfull \hbox (badness 10000) in paragraph at lines 464--466

 []


Underfull \hbox (badness 10000) in paragraph at lines 466--468

 []


Underfull \hbox (badness 10000) in paragraph at lines 480--482

 []


Underfull \hbox (badness 10000) in paragraph at lines 482--484

 []


Overfull \hbox (42.12115pt too wide) has occurred while \output is active
\T1/lmr/m/n/10 14 \T1/lmr/m/sl/10 CHAPTER 2.  CONCEITOS BÁSICOS DE ANÁLISE EXPLORATÓRIA DE DADOS
 []

[14]
Underfull \hbox (badness 1342) in paragraph at lines 484--486
[]\T1/lmr/m/n/10 Fornece in-for-mações que aux-il-iam na es-peci-fi-cações de um \T1/lmr/m/it/10 mod-elo
 []


Underfull \hbox (badness 10000) in paragraph at lines 484--486

 []


Underfull \hbox (badness 10000) in paragraph at lines 491--493

 []


Underfull \hbox (badness 10000) in paragraph at lines 493--495

 []


Underfull \hbox (badness 10000) in paragraph at lines 509--511

 []


Underfull \hbox (badness 10000) in paragraph at lines 511--513

 []


Underfull \hbox (badness 10000) in paragraph at lines 513--515

 []


Underfull \hbox (badness 10000) in paragraph at lines 515--517

 []


Underfull \hbox (badness 10000) in paragraph at lines 528--530

 []


Underfull \hbox (badness 10000) in paragraph at lines 530--532

 []

[15]
Underfull \hbox (badness 10000) in paragraph at lines 532--534

 []


Overfull \hbox (42.12115pt too wide) has occurred while \output is active
\T1/lmr/m/n/10 16 \T1/lmr/m/sl/10 CHAPTER 2.  CONCEITOS BÁSICOS DE ANÁLISE EXPLORATÓRIA DE DADOS
 []

[16]
Chapter 3.
[17

]
LaTeX Font Info:    Trying to load font information for T1+lmtt on input line 614.
(c:/Users/victo/AppData/Roaming/TinyTeX/texmf-dist/tex/latex/lm/t1lmtt.fd
File: t1lmtt.fd 2015/05/01 v1.6.1 Font defs for Latin Modern
) [18]
LaTeX Font Info:    Font shape `T1/lmtt/bx/n' in size <10> not available
(Font)              Font shape `T1/lmtt/b/n' tried instead on input line 680.
[19] [20] [21] [22] [23]
Overfull \hbox (48.74886pt too wide) in paragraph at lines 1065--1065
[]\T1/lmtt/m/n/10 ## Warning in c(1, 2, 3) - n: comprimento do objeto maior não é múltiplo do[] 
 []

[24] [25] [26] [27]
LaTeX Font Info:    Trying to load font information for TS1+lmtt on input line 1362.
(c:/Users/victo/AppData/Roaming/TinyTeX/texmf-dist/tex/latex/lm/ts1lmtt.fd
File: ts1lmtt.fd 2015/05/01 v1.6.1 Font defs for Latin Modern
) [28]
Overfull \hbox (1.499pt too wide) in paragraph at lines 1395--1395
[]\T1/lmtt/m/n/10 ##     Sepal.Length Sepal.Width Petal.Length Petal.Width   Species[] 
 []


Overfull \hbox (1.499pt too wide) in paragraph at lines 1395--1395
[]\T1/lmtt/m/n/10 ## 145          6.7         3.3          5.7         2.5 virginica[] 
 []


Overfull \hbox (1.499pt too wide) in paragraph at lines 1395--1395
[]\T1/lmtt/m/n/10 ## 146          6.7         3.0          5.2         2.3 virginica[] 
 []


Overfull \hbox (1.499pt too wide) in paragraph at lines 1395--1395
[]\T1/lmtt/m/n/10 ## 147          6.3         2.5          5.0         1.9 virginica[] 
 []


Overfull \hbox (1.499pt too wide) in paragraph at lines 1395--1395
[]\T1/lmtt/m/n/10 ## 148          6.5         3.0          5.2         2.0 virginica[] 
 []


Overfull \hbox (1.499pt too wide) in paragraph at lines 1395--1395
[]\T1/lmtt/m/n/10 ## 149          6.2         3.4          5.4         2.3 virginica[] 
 []


Overfull \hbox (1.499pt too wide) in paragraph at lines 1395--1395
[]\T1/lmtt/m/n/10 ## 150          5.9         3.0          5.1         1.8 virginica[] 
 []


Overfull \hbox (53.99884pt too wide) in paragraph at lines 1437--1437
[]\T1/lmtt/m/n/10 ## [1] "Sepal.Length" "Sepal.Width"  "Petal.Length" "Petal.Width"  "Species"[] 
 []


Overfull \hbox (53.99884pt too wide) in paragraph at lines 1447--1447
[]\T1/lmtt/m/n/10 ## [1] "Sepal.Length" "Sepal.Width"  "Petal.Length" "Petal.Width"  "Species"[] 
 []


Overfull \hbox (69.7488pt too wide) in paragraph at lines 1470--1470
[]\T1/lmtt/m/n/10 ##   [1] "1"   "2"   "3"   "4"   "5"   "6"   "7"   "8"   "9"   "10"  "11"  "12"[] 
 []


Overfull \hbox (69.7488pt too wide) in paragraph at lines 1470--1470
[]\T1/lmtt/m/n/10 ##  [13] "13"  "14"  "15"  "16"  "17"  "18"  "19"  "20"  "21"  "22"  "23"  "24"[] 
 []


Overfull \hbox (69.7488pt too wide) in paragraph at lines 1470--1470
[]\T1/lmtt/m/n/10 ##  [25] "25"  "26"  "27"  "28"  "29"  "30"  "31"  "32"  "33"  "34"  "35"  "36"[] 
 []


Overfull \hbox (69.7488pt too wide) in paragraph at lines 1470--1470
[]\T1/lmtt/m/n/10 ##  [37] "37"  "38"  "39"  "40"  "41"  "42"  "43"  "44"  "45"  "46"  "47"  "48"[] 
 []


Overfull \hbox (69.7488pt too wide) in paragraph at lines 1470--1470
[]\T1/lmtt/m/n/10 ##  [49] "49"  "50"  "51"  "52"  "53"  "54"  "55"  "56"  "57"  "58"  "59"  "60"[] 
 []


Overfull \hbox (69.7488pt too wide) in paragraph at lines 1470--1470
[]\T1/lmtt/m/n/10 ##  [61] "61"  "62"  "63"  "64"  "65"  "66"  "67"  "68"  "69"  "70"  "71"  "72"[] 
 []


Overfull \hbox (69.7488pt too wide) in paragraph at lines 1470--1470
[]\T1/lmtt/m/n/10 ##  [73] "73"  "74"  "75"  "76"  "77"  "78"  "79"  "80"  "81"  "82"  "83"  "84"[] 
 []


Overfull \hbox (69.7488pt too wide) in paragraph at lines 1470--1470
[]\T1/lmtt/m/n/10 ##  [85] "85"  "86"  "87"  "88"  "89"  "90"  "91"  "92"  "93"  "94"  "95"  "96"[] 
 []


Overfull \hbox (74.99878pt too wide) in paragraph at lines 1470--1470
[]\T1/lmtt/m/n/10 ##  [97] "97"  "98"  "99"  "100" "101" "102" "103" "104" "105" "106" "107" "108"[] 
 []


Overfull \hbox (74.99878pt too wide) in paragraph at lines 1470--1470
[]\T1/lmtt/m/n/10 ## [109] "109" "110" "111" "112" "113" "114" "115" "116" "117" "118" "119" "120"[] 
 []


Overfull \hbox (74.99878pt too wide) in paragraph at lines 1470--1470
[]\T1/lmtt/m/n/10 ## [121] "121" "122" "123" "124" "125" "126" "127" "128" "129" "130" "131" "132"[] 
 []


Overfull \hbox (74.99878pt too wide) in paragraph at lines 1470--1470
[]\T1/lmtt/m/n/10 ## [133] "133" "134" "135" "136" "137" "138" "139" "140" "141" "142" "143" "144"[] 
 []

[29] [30] [31] [32] [33] [34] [35] [36]
Chapter 4.
[37

]
Underfull \hbox (badness 10000) in paragraph at lines 1881--1883

 []


Underfull \hbox (badness 10000) in paragraph at lines 1883--1884

 []


Underfull \hbox (badness 10000) in paragraph at lines 1891--1893

 []


Underfull \hbox (badness 10000) in paragraph at lines 1907--1909

 []


Underfull \hbox (badness 10000) in paragraph at lines 1917--1919

 []

[38] [39] [40

]
Chapter 5.

Underfull \hbox (badness 10000) in paragraph at lines 2015--2017

 []


Overfull \hbox (257.95757pt too wide) in paragraph at lines 2025--2028
\T1/lmr/m/n/10 *Exemplo - Du-ração dos filmes da pixar: $[] \OT1/lmr/m/n/10 = [] =
 []

[41]
Underfull \hbox (badness 10000) in paragraph at lines 2067--2069

 []


Underfull \hbox (badness 10000) in paragraph at lines 2086--2088

 []


Underfull \hbox (badness 10000) in paragraph at lines 2088--2090

 []

[42]
Overfull \hbox (7.12541pt too wide) in paragraph at lines 2110--2112
[]\T1/lmr/m/n/10 para a Amostra 1: $[] \OT1/lmr/m/n/10 = [] =
 []

[43]
Underfull \hbox (badness 10000) in paragraph at lines 2187--2189

 []


Underfull \hbox (badness 10000) in paragraph at lines 2189--2191

 []


Overfull \hbox (0.74431pt too wide) detected at line 2205
\OML/lmm/m/it/10 Q\OT1/lmr/m/n/10 (\OML/lmm/m/it/10 p\OT1/lmr/m/n/10 ) = []
 []

[44] [45] [46] [47] [48

]
Chapter 6.
<AED_files/figure-latex/barras_genero-1.pdf, id=491, 469.755pt x 325.215pt>
File: AED_files/figure-latex/barras_genero-1.pdf Graphic file (type pdf)
<use AED_files/figure-latex/barras_genero-1.pdf>
Package pdftex.def Info: AED_files/figure-latex/barras_genero-1.pdf  used on input line 2425.
(pdftex.def)             Requested size: 344.997pt x 238.84406pt.

Underfull \vbox (badness 10000) has occurred while \output is active []

[49]
<AED_files/figure-latex/barras_duracao-1.pdf, id=498, 469.755pt x 325.215pt>
File: AED_files/figure-latex/barras_duracao-1.pdf Graphic file (type pdf)
<use AED_files/figure-latex/barras_duracao-1.pdf>
Package pdftex.def Info: AED_files/figure-latex/barras_duracao-1.pdf  used on input line 2454.
(pdftex.def)             Requested size: 344.997pt x 238.84406pt.

Underfull \vbox (badness 10000) has occurred while \output is active []

[50 <./AED_files/figure-latex/barras_genero-1.pdf>]
<AED_files/figure-latex/pizza1-1.pdf, id=508, 469.755pt x 325.215pt>
File: AED_files/figure-latex/pizza1-1.pdf Graphic file (type pdf)
<use AED_files/figure-latex/pizza1-1.pdf>
Package pdftex.def Info: AED_files/figure-latex/pizza1-1.pdf  used on input line 2467.
(pdftex.def)             Requested size: 344.997pt x 238.84406pt.

Underfull \vbox (badness 10000) has occurred while \output is active []

[51 <./AED_files/figure-latex/barras_duracao-1.pdf>]
Underfull \hbox (badness 10000) in paragraph at lines 2477--2479

 []


Underfull \hbox (badness 10000) in paragraph at lines 2479--2481

 []


Underfull \hbox (badness 10000) in paragraph at lines 2481--2483

 []


Underfull \hbox (badness 10000) in paragraph at lines 2495--2497

 []

[52 <./AED_files/figure-latex/pizza1-1.pdf>]
<AED_files/figure-latex/hist_bilheteria1-1.pdf, id=530, 469.755pt x 325.215pt>
File: AED_files/figure-latex/hist_bilheteria1-1.pdf Graphic file (type pdf)
<use AED_files/figure-latex/hist_bilheteria1-1.pdf>
Package pdftex.def Info: AED_files/figure-latex/hist_bilheteria1-1.pdf  used on input line 2518.
(pdftex.def)             Requested size: 344.997pt x 238.84406pt.

Underfull \hbox (badness 10000) in paragraph at lines 2523--2525

 []


LaTeX Warning: `!h' float specifier changed to `!ht'.

<AED_files/figure-latex/hist_bilheteria2-1.pdf, id=531, 469.755pt x 325.215pt>
File: AED_files/figure-latex/hist_bilheteria2-1.pdf Graphic file (type pdf)
<use AED_files/figure-latex/hist_bilheteria2-1.pdf>
Package pdftex.def Info: AED_files/figure-latex/hist_bilheteria2-1.pdf  used on input line 2546.
(pdftex.def)             Requested size: 344.997pt x 238.84406pt.
[53 <./AED_files/figure-latex/hist_bilheteria1-1.pdf>]
<AED_files/figure-latex/hist_bilheteria2-2.pdf, id=541, 469.755pt x 325.215pt>
File: AED_files/figure-latex/hist_bilheteria2-2.pdf Graphic file (type pdf)
<use AED_files/figure-latex/hist_bilheteria2-2.pdf>
Package pdftex.def Info: AED_files/figure-latex/hist_bilheteria2-2.pdf  used on input line 2548.
(pdftex.def)             Requested size: 344.997pt x 238.84406pt.

Underfull \vbox (badness 10000) has occurred while \output is active []

[54 <./AED_files/figure-latex/hist_bilheteria2-1.pdf>]

LaTeX Warning: `!h' float specifier changed to `!ht'.


LaTeX Warning: `!h' float specifier changed to `!ht'.

[55 <./AED_files/figure-latex/hist_bilheteria2-2.pdf>]
<AED_files/figure-latex/boxplot_duracao-1.pdf, id=562, 469.755pt x 325.215pt>
File: AED_files/figure-latex/boxplot_duracao-1.pdf Graphic file (type pdf)
<use AED_files/figure-latex/boxplot_duracao-1.pdf>
Package pdftex.def Info: AED_files/figure-latex/boxplot_duracao-1.pdf  used on input line 2661.
(pdftex.def)             Requested size: 344.997pt x 238.84406pt.

Underfull \vbox (badness 1701) has occurred while \output is active []

[56]
Underfull \hbox (badness 10000) in paragraph at lines 2665--2667

 []


Underfull \hbox (badness 10000) in paragraph at lines 2667--2669

 []


Underfull \hbox (badness 10000) in paragraph at lines 2669--2671

 []


Underfull \hbox (badness 10000) in paragraph at lines 2671--2673

 []

<AED_files/figure-latex/boxplot_P_duracao-1.pdf, id=568, 469.755pt x 325.215pt>
File: AED_files/figure-latex/boxplot_P_duracao-1.pdf Graphic file (type pdf)
<use AED_files/figure-latex/boxplot_P_duracao-1.pdf>
Package pdftex.def Info: AED_files/figure-latex/boxplot_P_duracao-1.pdf  used on input line 2678.
(pdftex.def)             Requested size: 344.997pt x 238.84406pt.

Underfull \vbox (badness 1609) has occurred while \output is active []

[57 <./AED_files/figure-latex/boxplot_duracao-1.pdf>]
<AED_files/figure-latex/simetria-1.pdf, id=578, 469.755pt x 325.215pt>
File: AED_files/figure-latex/simetria-1.pdf Graphic file (type pdf)
<use AED_files/figure-latex/simetria-1.pdf>
Package pdftex.def Info: AED_files/figure-latex/simetria-1.pdf  used on input line 2685.
(pdftex.def)             Requested size: 344.997pt x 238.84406pt.

Underfull \vbox (badness 10000) has occurred while \output is active []

[58 <./AED_files/figure-latex/boxplot_P_duracao-1.pdf>]
<AED_files/figure-latex/assimetriaD-1.pdf, id=589, 469.755pt x 325.215pt>
File: AED_files/figure-latex/assimetriaD-1.pdf Graphic file (type pdf)
<use AED_files/figure-latex/assimetriaD-1.pdf>
Package pdftex.def Info: AED_files/figure-latex/assimetriaD-1.pdf  used on input line 2687.
(pdftex.def)             Requested size: 344.997pt x 238.84406pt.
<AED_files/figure-latex/assimetriaE-1.pdf, id=590, 469.755pt x 325.215pt>
File: AED_files/figure-latex/assimetriaE-1.pdf Graphic file (type pdf)
<use AED_files/figure-latex/assimetriaE-1.pdf>
Package pdftex.def Info: AED_files/figure-latex/assimetriaE-1.pdf  used on input line 2689.
(pdftex.def)             Requested size: 344.997pt x 238.84406pt.

Underfull \vbox (badness 4713) has occurred while \output is active []

[59 <./AED_files/figure-latex/simetria-1.pdf> <./AED_files/figure-latex/assimetriaD-1.pdf>]
Underfull \hbox (badness 10000) in paragraph at lines 2698--2700

 []


Underfull \hbox (badness 10000) in paragraph at lines 2700--2702

 []

[60 <./AED_files/figure-latex/assimetriaE-1.pdf>]
<AED_files/figure-latex/graf_simetria-1.pdf, id=614, 469.755pt x 325.215pt>
File: AED_files/figure-latex/graf_simetria-1.pdf Graphic file (type pdf)
<use AED_files/figure-latex/graf_simetria-1.pdf>
Package pdftex.def Info: AED_files/figure-latex/graf_simetria-1.pdf  used on input line 2730.
(pdftex.def)             Requested size: 344.997pt x 238.84406pt.
[61 <./AED_files/figure-latex/graf_simetria-1.pdf>] [62

]
Chapter 7.
[63]
Overfull \hbox (6.74898pt too wide) in paragraph at lines 2827--2827
[]\T1/lmtt/m/n/10 ## https://www.danieldsjoberg.com/gtsummary/articles/rmarkdown.html[] 
 []


Overfull \hbox (53.99884pt too wide) in paragraph at lines 2827--2827
[]\T1/lmtt/m/n/10 ## To suppress this message, include `message = FALSE` in code chunk header.[] 
 []


Overfull \hbox (6.74898pt too wide) in paragraph at lines 2861--2861
[]\T1/lmtt/m/n/10 ## https://www.danieldsjoberg.com/gtsummary/articles/rmarkdown.html[] 
 []


Overfull \hbox (53.99884pt too wide) in paragraph at lines 2861--2861
[]\T1/lmtt/m/n/10 ## To suppress this message, include `message = FALSE` in code chunk header.[] 
 []

[64] [65] [66

]
Chapter 8.

Overfull \hbox (6.74898pt too wide) in paragraph at lines 2973--2973
[]\T1/lmtt/m/n/10 ## https://www.danieldsjoberg.com/gtsummary/articles/rmarkdown.html[] 
 []


Overfull \hbox (53.99884pt too wide) in paragraph at lines 2973--2973
[]\T1/lmtt/m/n/10 ## To suppress this message, include `message = FALSE` in code chunk header.[] 
 []

[67]
Overfull \hbox (6.74898pt too wide) in paragraph at lines 3007--3007
[]\T1/lmtt/m/n/10 ## https://www.danieldsjoberg.com/gtsummary/articles/rmarkdown.html[] 
 []


Overfull \hbox (53.99884pt too wide) in paragraph at lines 3007--3007
[]\T1/lmtt/m/n/10 ## To suppress this message, include `message = FALSE` in code chunk header.[] 
 []

[68]
Overfull \hbox (6.74898pt too wide) in paragraph at lines 3089--3089
[]\T1/lmtt/m/n/10 ## https://www.danieldsjoberg.com/gtsummary/articles/rmarkdown.html[] 
 []


Overfull \hbox (53.99884pt too wide) in paragraph at lines 3089--3089
[]\T1/lmtt/m/n/10 ## To suppress this message, include `message = FALSE` in code chunk header.[] 
 []

[69]
Underfull \hbox (badness 10000) in paragraph at lines 3110--3111

 []

[70]
Underfull \hbox (badness 10000) in paragraph at lines 3172--3174

 []


Package amsmath Warning: Foreign command \over;
(amsmath)                \frac or \genfrac should be used instead
(amsmath)                 on input line 3177.


Underfull \hbox (badness 10000) in paragraph at lines 3185--3187

 []

[71]
Overfull \hbox (6.74898pt too wide) in paragraph at lines 3229--3229
[]\T1/lmtt/m/n/10 ## https://www.danieldsjoberg.com/gtsummary/articles/rmarkdown.html[] 
 []


Overfull \hbox (53.99884pt too wide) in paragraph at lines 3229--3229
[]\T1/lmtt/m/n/10 ## To suppress this message, include `message = FALSE` in code chunk header.[] 
 []

[72] [73] [74]
Chapter 9.
[75

] [76] [77] [78

]
Chapter 10.
<AED_files/figure-latex/unnamed-chunk-3-1.pdf, id=737, 469.755pt x 325.215pt>
File: AED_files/figure-latex/unnamed-chunk-3-1.pdf Graphic file (type pdf)
<use AED_files/figure-latex/unnamed-chunk-3-1.pdf>
Package pdftex.def Info: AED_files/figure-latex/unnamed-chunk-3-1.pdf  used on input line 3508.
(pdftex.def)             Requested size: 344.997pt x 238.84406pt.

Underfull \vbox (badness 10000) has occurred while \output is active []

[79]
<AED_files/figure-latex/unnamed-chunk-4-1.pdf, id=744, 469.755pt x 325.215pt>
File: AED_files/figure-latex/unnamed-chunk-4-1.pdf Graphic file (type pdf)
<use AED_files/figure-latex/unnamed-chunk-4-1.pdf>
Package pdftex.def Info: AED_files/figure-latex/unnamed-chunk-4-1.pdf  used on input line 3536.
(pdftex.def)             Requested size: 344.997pt x 238.84406pt.
[80 <./AED_files/figure-latex/unnamed-chunk-3-1.pdf>] [81 <./AED_files/figure-latex/unnamed-chunk-4-1.pdf>] [82]
Chapter 11.

Overfull \hbox (59.24883pt too wide) in paragraph at lines 3605--3605
[]\T1/lmtt/m/n/10 ## Warning: Using `size` aesthetic for lines was deprecated in ggplot2 3.4.0.[] 
 []


Overfull \hbox (53.99884pt too wide) in paragraph at lines 3605--3605
[]\T1/lmtt/m/n/10 ## Call `lifecycle::last_lifecycle_warnings()` to see where this warning was[] 
 []

<AED_files/figure-latex/graf_regrecao-1.pdf, id=789, 469.755pt x 325.215pt>
File: AED_files/figure-latex/graf_regrecao-1.pdf Graphic file (type pdf)
<use AED_files/figure-latex/graf_regrecao-1.pdf>
Package pdftex.def Info: AED_files/figure-latex/graf_regrecao-1.pdf  used on input line 3611.
(pdftex.def)             Requested size: 344.997pt x 238.84406pt.
[83

]
LaTeX Font Info:    External font `lmex10' loaded for size
(Font)              <14.4> on input line 3627.
[84 <./AED_files/figure-latex/graf_regrecao-1.pdf>]
No file AED.bbl.
[85] (./AED.aux)
 ***********
LaTeX2e <2023-11-01> patch level 1
L3 programming layer <2024-02-20>
 ***********
 ) 
Here is how much of TeX's memory you used:
 13922 strings out of 476075
 221327 string characters out of 5790813
 1942190 words of memory out of 5000000
 35417 multiletter control sequences out of 15000+600000
 656507 words of font info for 107 fonts, out of 8000000 for 9000
 14 hyphenation exceptions out of 8191
 89i,12n,93p,827b,593s stack positions out of 10000i,1000n,20000p,200000b,200000s
<c:/Users/victo/AppData/Roaming/TinyTeX/texmf-dist/fonts/type1/public/lm/lmbx10.pfb><c:/Users/victo/AppData/Roaming/TinyTeX/texmf-dist/fonts/type1/public/lm/lmbx12.pfb><c:/Users/victo/AppData/Roaming/TinyTeX/texmf-dist/fonts/type1/public/lm/lmbx8.pfb><c:/Users/victo/AppData/Roaming/TinyTeX/texmf-dist/fonts/type1/public/lm/lmbxi10.pfb><c:/Users/victo/AppData/Roaming/TinyTeX/texmf-dist/fonts/type1/public/lm/lmex10.pfb><c:/Users/victo/AppData/Roaming/TinyTeX/texmf-dist/fonts/type1/public/lm/lmmi10.pfb><c:/Users/victo/AppData/Roaming/TinyTeX/texmf-dist/fonts/type1/public/lm/lmmi12.pfb><c:/Users/victo/AppData/Roaming/TinyTeX/texmf-dist/fonts/type1/public/lm/lmmi5.pfb><c:/Users/victo/AppData/Roaming/TinyTeX/texmf-dist/fonts/type1/public/lm/lmmi7.pfb><c:/Users/victo/AppData/Roaming/TinyTeX/texmf-dist/fonts/type1/public/lm/lmmib10.pfb><c:/Users/victo/AppData/Roaming/TinyTeX/texmf-dist/fonts/type1/public/lm/lmr10.pfb><c:/Users/victo/AppData/Roaming/TinyTeX/texmf-dist/fonts/type1/public/lm/lmr12.pfb><c:/Users/victo/AppData/Roaming/TinyTeX/texmf-dist/fonts/type1/public/lm/lmr17.pfb><c:/Users/victo/AppData/Roaming/TinyTeX/texmf-dist/fonts/type1/public/lm/lmr5.pfb><c:/Users/victo/AppData/Roaming/TinyTeX/texmf-dist/fonts/type1/public/lm/lmr7.pfb><c:/Users/victo/AppData/Roaming/TinyTeX/texmf-dist/fonts/type1/public/lm/lmr8.pfb><c:/Users/victo/AppData/Roaming/TinyTeX/texmf-dist/fonts/type1/public/lm/lmri10.pfb><c:/Users/victo/AppData/Roaming/TinyTeX/texmf-dist/fonts/type1/public/lm/lmro10.pfb><c:/Users/victo/AppData/Roaming/TinyTeX/texmf-dist/fonts/type1/public/lm/lmsy10.pfb><c:/Users/victo/AppData/Roaming/TinyTeX/texmf-dist/fonts/type1/public/lm/lmsy7.pfb><c:/Users/victo/AppData/Roaming/TinyTeX/texmf-dist/fonts/type1/public/lm/lmtk10.pfb><c:/Users/victo/AppData/Roaming/TinyTeX/texmf-dist/fonts/type1/public/lm/lmtt10.pfb><c:/Users/victo/AppData/Roaming/TinyTeX/texmf-dist/fonts/type1/public/lm/lmtti10.pfb>
Output written on AED.pdf (85 pages, 685712 bytes).
PDF statistics:
 1183 PDF objects out of 1200 (max. 8388607)
 1003 compressed objects within 11 object streams
 336 named destinations out of 1000 (max. 500000)
 577 words of extra memory for PDF output out of 10000 (max. 10000000)

